<?xml version="1.0" encoding="UTF-8"?>
<testsuite xmlns:xsi="http://www.w3.org/2001/XMLSchema-instance" xsi:noNamespaceSchemaLocation="https://maven.apache.org/surefire/maven-surefire-plugin/xsd/surefire-test-report-3.0.xsd" version="3.0" name="com.example.runner.SmartFinderTest" time="10.677" tests="1" errors="0" skipped="0" failures="0">
  <properties>
[...]
</properties>
  <testcase name="Healenium cura el locator sin plan de respaldo" classname="Autocuración de locators con SmartFinder" time="10.441">
    <system-out><![CDATA[16:23:40.275 [main] DEBUG io.cucumber.core.plugin.SerenityReporter - Running feature from file:///Users/valeacosta/Documents/proyectos/serenity-projects/propuesta-selfhealing/src/test/resources/features/smartfinder/self_healing.feature
16:23:40.306 [main] INFO  - 

-------------------------------------------------------------------------------------
     _______. _______ .______       _______ .__   __.  __  .___________.____    ____ 
    /       ||   ____||   _  \     |   ____||  \ |  | |  | |           |\   \  /   / 
   |   (----`|  |__   |  |_)  |    |  |__   |   \|  | |  | `---|  |----` \   \/   /  
    \   \    |   __|  |      /     |   __|  |  . `  | |  |     |  |       \_    _/   
.----)   |   |  |____ |  |\  \----.|  |____ |  |\   | |  |     |  |         |  |     
|_______/    |_______|| _| `._____||_______||__| \__| |__|     |__|         |__|    
                                                                                     
 News and tutorials at https://serenity-bdd.info                                     
 Documentation at https://serenity-bdd.github.io                                     
 Test Automation Training and Coaching: https://www.serenity-dojo.com                
 Commercial Support: https://www.serenity-dojo.com/serenity-bdd-enterprise-support   
 Join the Serenity Community on Gitter: https://gitter.im/serenity-bdd/serenity-core 
-------------------------------------------------------------------------------------

16:23:40.309 [main] DEBUG net.thucydides.core.steps.StepEventBus - Test suite started for story net.thucydides.model.domain.Story@28b9bce0
16:23:40.310 [main] INFO  - Test Suite Started: Autocuración de locators con SmartFinder
16:23:40.355 [main] DEBUG io.cucumber.core.plugin.SerenityReporter - Running feature from file:///Users/valeacosta/Documents/proyectos/serenity-projects/propuesta-selfhealing/src/test/resources/features/smartfinder/self_healing.feature
16:23:40.356 [main] DEBUG net.thucydides.core.steps.StepEventBus - Test suite started for story net.thucydides.model.domain.Story@28b9bce0
16:23:40.357 [main] INFO  - Test Suite Started: Autocuración de locators con SmartFinder
16:23:40.388 [main] DEBUG io.cucumber.core.plugin.SerenityReporter - Running feature from file:///Users/valeacosta/Documents/proyectos/serenity-projects/propuesta-selfhealing/src/test/resources/features/smartfinder/self_healing.feature
16:23:40.448 [main] INFO  - 
  _____   ___   ___   _____     ___   _____     _     ___   _____   ___   ___  
 |_   _| | __| / __| |_   _|   / __| |_   _|   /_\   | _ \ |_   _| | __| |   \ 
   | |   | _|  \__ \   | |     \__ \   | |    / _ \  |   /   | |   | _|  | |) |
   |_|   |___| |___/   |_|     |___/   |_|   /_/ \_\ |_|_\   |_|   |___| |___/ 

Healenium cura el locator sin plan de respaldo(autocuración-de-locators-con-smartfinder;healenium-cura-el-locator-sin-plan-de-respaldo)
--------------------------------------------------------------------------------

@healing
&amp#27;[1mEscenario:&amp#27;[22m Healenium cura el locator sin plan de respaldo                    &amp#27;[90m# src/test/resources/features/smartfinder/self_healing.feature:8&amp#27;[39m
16:23:40.494 [main] DEBUG io.github.bonigarcia.wdm.WebDriverManager - Using WebDriverManager 6.3.2
16:23:40.683 [main] DEBUG io.github.bonigarcia.wdm.cache.ResolutionCache - Resolution chrome=143 in cache (valid until 16:58:11 09/12/2025 COT)
16:23:40.683 [main] DEBUG io.github.bonigarcia.wdm.cache.ResolutionCache - Resolution chrome143=143.0.7499.40 in cache (valid until 22:43:26 09/12/2025 COT)
16:23:40.684 [main] INFO io.github.bonigarcia.wdm.WebDriverManager - Using chromedriver 143.0.7499.40 (resolved driver for Chrome 143)
16:23:40.696 [main] DEBUG io.github.bonigarcia.wdm.WebDriverManager - Driver chromedriver 143.0.7499.40 found in cache
16:23:40.697 [main] INFO io.github.bonigarcia.wdm.WebDriverManager - Exporting webdriver.chrome.driver as /Users/valeacosta/.cache/selenium/chromedriver/mac-arm64/143.0.7499.40/chromedriver
Intentando conectar con Healenium (Intento 1/5)...
16:23:40.753 [main] INFO net.serenitybdd.core.webdriver.driverproviders.ChromeDriverProvider - Starting Chrome driver instance with capabilities:
16:23:40.754 [main] INFO net.serenitybdd.core.webdriver.driverproviders.ChromeDriverProvider - Capabilities {acceptInsecureCerts: false, browserName: chrome, goog:chromeOptions: {args: [remote-allow-origins=*], extensions: []}}
16:23:43.369 [main] DEBUG healenium - [Init] sessionKey: 627916ed430d18a23f8d169cf25a8e5a, serverUrl: http://localhost:7878/healenium, imitateUrl: http://localhost:8000/imitate
16:23:43.373 [main] DEBUG healenium - [Get Elements] Request: (GET) /elements
16:23:43.547 [main] DEBUG healenium - [Init Report] Request: (POST) /report/init/627916ed430d18a23f8d169cf25a8e5a
¡Conexión exitosa con Healenium!
16:23:43.635 [main] DEBUG net.serenitybdd.core.photography.Darkroom - Opening darkroom
16:23:43.635 [Darkroom Processing Line] DEBUG net.serenitybdd.core.photography.DarkroomProcessingLine - Darkroom processing line starting up
16:23:43.809 [main] DEBUG net.serenitybdd.core.photography.Darkroom - Send negative for processing for target/site/serenity/7f407ab36d6a0b0c10419c26c1799cfc573e1596c9ef84784a21bc72b9a97425.png
16:23:43.809 [Darkroom Processing Line] DEBUG net.serenitybdd.core.photography.DarkroomProcessingLine - Processing screenshot image in /var/screenshots/screenshot-15778616954648141794
16:23:43.809 [Darkroom Processing Line] DEBUG net.serenitybdd.core.photography.DarkroomProcessingLine - Saving screenshot to target/site/serenity/7f407ab36d6a0b0c10419c26c1799cfc573e1596c9ef84784a21bc72b9a97425.png
16:23:44.101 [main] DEBUG net.serenitybdd.core.photography.Darkroom - Send negative for processing for target/site/serenity/85537856b253e051d22854acbf8ea03d35c956dc0f48bd51bb5baf35adcc28b2.png
16:23:44.101 [Darkroom Processing Line] DEBUG net.serenitybdd.core.photography.DarkroomProcessingLine - Processing screenshot image in /var/screenshots/screenshot-3768414523989469174
16:23:44.101 [Darkroom Processing Line] DEBUG net.serenitybdd.core.photography.DarkroomProcessingLine - Saving screenshot to target/site/serenity/85537856b253e051d22854acbf8ea03d35c956dc0f48bd51bb5baf35adcc28b2.png
  &amp#27;[32m✔&amp#27;[39m &amp#27;[32m&amp#27;[1mDado &amp#27;[22mel usuario abre la pagina de ejemplo de autocuracion&amp#27;[39m                &amp#27;[90m# com.example.stepdefinitions.SelfHealingStepDefinitions.openSamplePage()&amp#27;[39m
16:23:46.129 [main] WARN healenium - Failed to find an element using locator By.id: boton-principal
16:23:46.130 [main] WARN healenium - Reason: no such element: Unable to locate element: {"method":"css selector","selector":"#boton\-principal"}
  (Session info: chrome=143.0.7499.41)
For documentation on this error, please visit: https://www.selenium.dev/documentation/webdriver/troubleshooting/errors#nosuchelementexception
Build info: version: '4.38.0', revision: '6b412e825c*'
System info: os.name: 'Mac OS X', os.arch: 'aarch64', os.version: '15.6.1', java.version: '17.0.15'
Driver info: org.openqa.selenium.chrome.ChromeDriver
Command: [627916ed430d18a23f8d169cf25a8e5a, findElement {using=id, value=boton-principal}]
Capabilities {acceptInsecureCerts: false, browserName: chrome, browserVersion: 143.0.7499.41, chrome: {chromedriverVersion: 143.0.7499.40 (c23ff452476d..., userDataDir: /var/folders/dk/7g0l04h117s...}, fedcm:accounts: true, goog:chromeOptions: {debuggerAddress: localhost:59955}, goog:processID: 19699, networkConnectionEnabled: false, pageLoadStrategy: normal, platformName: mac, proxy: Proxy(), se:cdp: ws://localhost:59955/devtoo..., se:cdpVersion: 143.0.7499.41, setWindowRect: true, strictFileInteractability: false, timeouts: {implicit: 0, pageLoad: 300000, script: 30000}, unhandledPromptBehavior: dismiss and notify, webauthn:extension:credBlob: true, webauthn:extension:largeBlob: true, webauthn:extension:minPinLength: true, webauthn:extension:prf: true, webauthn:virtualAuthenticators: true}
Session ID: 627916ed430d18a23f8d169cf25a8e5a
16:23:46.143 [main] DEBUG healenium - [Get Reference Elements] Request. Locator: boton-principal, Command: findElement, Url: file:///Users/valeacosta/Documents/proyectos/serenity-projects/propuesta-selfhealing/src/test/resources/site/index.html
16:23:46.370 [main] WARN healenium - Trying to heal...
16:23:46.536 [main] WARN healenium - Using healed locator: Scored(score=0.8571428571428571, value=By.cssSelector: button#boton-daniel)
16:23:46.642 [main] DEBUG healenium - [Save Healed Elements] Locator(value=button#boton-daniel, type=By.cssSelector)
16:23:50.115 [main] INFO com.example.utils.SmartFinderReporter - Healenium no necesitó curar el locator By.id: boton-principal
16:23:50.399 [main] DEBUG net.serenitybdd.core.photography.Darkroom - Send negative for processing for target/site/serenity/21a2182acf1519e748227ed13b884943e8d4ffd646959e4ffddc2aaee07cb3e6.png
16:23:50.399 [Darkroom Processing Line] DEBUG net.serenitybdd.core.photography.DarkroomProcessingLine - Processing screenshot image in /var/screenshots/screenshot-5098236352760540218
16:23:50.400 [Darkroom Processing Line] DEBUG net.serenitybdd.core.photography.DarkroomProcessingLine - Saving screenshot to target/site/serenity/21a2182acf1519e748227ed13b884943e8d4ffd646959e4ffddc2aaee07cb3e6.png
  &amp#27;[32m✔&amp#27;[39m &amp#27;[32m&amp#27;[1mCuando &amp#27;[22mel usuario busca el boton con Healenium&amp#27;[39m                           &amp#27;[90m# com.example.stepdefinitions.SelfHealingStepDefinitions.userFindsButtonWithHealenium()&amp#27;[39m
16:23:50.545 [main] DEBUG net.serenitybdd.core.photography.Darkroom - Send negative for processing for target/site/serenity/21a2182acf1519e748227ed13b884943e8d4ffd646959e4ffddc2aaee07cb3e6.png
  &amp#27;[32m✔&amp#27;[39m &amp#27;[32m&amp#27;[1mEntonces &amp#27;[22mla accion continua gracias a Healenium sin configurar un Plan B&amp#27;[39m &amp#27;[90m# com.example.stepdefinitions.SelfHealingStepDefinitions.actionContinuesWithHealenium()&amp#27;[39m
16:23:50.549 [main] INFO  - 
  _____   ___   ___   _____     ___     _     ___   ___   ___   ___  
 |_   _| | __| / __| |_   _|   | _ \   /_\   / __| / __| | __| |   \ 
   | |   | _|  \__ \   | |     |  _/  / _ \  \__ \ \__ \ | _|  | |) |
   |_|   |___| |___/   |_|     |_|   /_/ \_\ |___/ |___/ |___| |___/ 

Healenium cura el locator sin plan de respaldo
----------------------------------------------------------------------
]]></system-out>
    <system-err><![CDATA[Dec 09, 2025 4:23:42 PM org.openqa.selenium.devtools.CdpVersionFinder findNearestMatch
WARNING: Unable to find an exact match for CDP version 143, returning the closest version; found: 142; Please update to a Selenium version that supports CDP version 143
]]></system-err>
  </testcase>
</testsuite>