<?xml version="1.0" encoding="UTF-8"?>
<testsuite xmlns:xsi="http://www.w3.org/2001/XMLSchema-instance" xsi:noNamespaceSchemaLocation="https://maven.apache.org/surefire/maven-surefire-plugin/xsd/surefire-test-report-3.0.xsd" version="3.0" name="com.example.runner.SmartFinderTest" time="12.241" tests="1" errors="0" skipped="0" failures="0">
  <properties>
[...]
</properties>
  <testcase name="SmartFinder activa el Plan B y continua la prueba" classname="Autocuración de locators con SmartFinder" time="11.689">
    <system-out><![CDATA[15:04:58.113 [main] DEBUG io.cucumber.core.plugin.SerenityReporter - Running feature from file:///Users/valeacosta/Documents/proyectos/serenity-projects/propuesta-selfhealing/src/test/resources/features/smartfinder/self_healing.feature
15:04:58.150 [main] INFO  - 

-------------------------------------------------------------------------------------
     _______. _______ .______       _______ .__   __.  __  .___________.____    ____ 
    /       ||   ____||   _  \     |   ____||  \ |  | |  | |           |\   \  /   / 
   |   (----`|  |__   |  |_)  |    |  |__   |   \|  | |  | `---|  |----` \   \/   /  
    \   \    |   __|  |      /     |   __|  |  . `  | |  |     |  |       \_    _/   
.----)   |   |  |____ |  |\  \----.|  |____ |  |\   | |  |     |  |         |  |     
|_______/    |_______|| _| `._____||_______||__| \__| |__|     |__|         |__|    
                                                                                     
 News and tutorials at https://serenity-bdd.info                                     
 Documentation at https://serenity-bdd.github.io                                     
 Test Automation Training and Coaching: https://www.serenity-dojo.com                
 Commercial Support: https://www.serenity-dojo.com/serenity-bdd-enterprise-support   
 Join the Serenity Community on Gitter: https://gitter.im/serenity-bdd/serenity-core 
-------------------------------------------------------------------------------------

15:04:58.152 [main] DEBUG net.thucydides.core.steps.StepEventBus - Test suite started for story net.thucydides.model.domain.Story@28b9bce0
15:04:58.153 [main] INFO  - Test Suite Started: Autocuración de locators con SmartFinder
15:04:58.202 [main] DEBUG io.cucumber.core.plugin.SerenityReporter - Running feature from file:///Users/valeacosta/Documents/proyectos/serenity-projects/propuesta-selfhealing/src/test/resources/features/smartfinder/self_healing.feature
15:04:58.203 [main] DEBUG net.thucydides.core.steps.StepEventBus - Test suite started for story net.thucydides.model.domain.Story@28b9bce0
15:04:58.203 [main] INFO  - Test Suite Started: Autocuración de locators con SmartFinder
15:04:58.231 [main] DEBUG io.cucumber.core.plugin.SerenityReporter - Running feature from file:///Users/valeacosta/Documents/proyectos/serenity-projects/propuesta-selfhealing/src/test/resources/features/smartfinder/self_healing.feature
15:04:58.288 [main] INFO  - 
  _____   ___   ___   _____     ___   _____     _     ___   _____   ___   ___  
 |_   _| | __| / __| |_   _|   / __| |_   _|   /_\   | _ \ |_   _| | __| |   \ 
   | |   | _|  \__ \   | |     \__ \   | |    / _ \  |   /   | |   | _|  | |) |
   |_|   |___| |___/   |_|     |___/   |_|   /_/ \_\ |_|_\   |_|   |___| |___/ 

SmartFinder activa el Plan B y continua la prueba(autocuración-de-locators-con-smartfinder;smartfinder-activa-el-plan-b-y-continua-la-prueba)
--------------------------------------------------------------------------------

&amp#27;[1mEscenario:&amp#27;[22m SmartFinder activa el Plan B y continua la prueba  &amp#27;[90m# src/test/resources/features/smartfinder/self_healing.feature:7&amp#27;[39m
15:04:58.404 [main] INFO net.serenitybdd.core.webdriver.driverproviders.ChromeDriverProvider - Starting Chrome driver instance with capabilities:
15:04:58.406 [main] INFO net.serenitybdd.core.webdriver.driverproviders.ChromeDriverProvider - Capabilities {acceptInsecureCerts: false, browserName: chrome, goog:chromeOptions: {args: [remote-allow-origins=*], extensions: []}}
15:05:06.505 [main] DEBUG net.serenitybdd.core.photography.Darkroom - Opening darkroom
15:05:06.506 [Darkroom Processing Line] DEBUG net.serenitybdd.core.photography.DarkroomProcessingLine - Darkroom processing line starting up
15:05:07.199 [main] DEBUG net.serenitybdd.core.photography.Darkroom - Send negative for processing for /Users/valeacosta/Documents/proyectos/serenity-projects/propuesta-selfhealing/target/site/serenity/e11da4341e9440a11f87c60e37bcffc974227fb45b605b23168a6d50eb907e68.png
15:05:07.200 [Darkroom Processing Line] DEBUG net.serenitybdd.core.photography.DarkroomProcessingLine - Processing screenshot image in /var/screenshots/screenshot-3696575912286780470
15:05:07.200 [Darkroom Processing Line] DEBUG net.serenitybdd.core.photography.DarkroomProcessingLine - Saving screenshot to /Users/valeacosta/Documents/proyectos/serenity-projects/propuesta-selfhealing/target/site/serenity/e11da4341e9440a11f87c60e37bcffc974227fb45b605b23168a6d50eb907e68.png
  &amp#27;[32m✔&amp#27;[39m &amp#27;[32m&amp#27;[1mDado &amp#27;[22mel usuario abre la pagina de ejemplo de autocuracion&amp#27;[39m &amp#27;[90m# com.example.stepdefinitions.SelfHealingStepDefinitions.openSamplePage()&amp#27;[39m
15:05:09.232 [main] WARN com.example.utils.SmartFinder - Locator principal no funcionó (By.id: boton-inexistente). Activando Plan B...
org.openqa.selenium.NoSuchElementException: no such element: Unable to locate element: {"method":"css selector","selector":"#boton\-inexistente"}
  (Session info: chrome=142.0.7444.176)
For documentation on this error, please visit: https://www.selenium.dev/documentation/webdriver/troubleshooting/errors#no-such-element-exception
Build info: version: '4.27.0', revision: 'd6e718d134'
System info: os.name: 'Mac OS X', os.arch: 'aarch64', os.version: '15.6.1', java.version: '17.0.15'
Driver info: org.openqa.selenium.chrome.ChromeDriver
Command: [35e5a7f48ed1ace79dc628166aaed1de, findElement {value=boton-inexistente, using=id}]
Capabilities {acceptInsecureCerts: false, browserName: chrome, browserVersion: 142.0.7444.176, chrome: {chromedriverVersion: 142.0.7444.175 (302067f14a4..., userDataDir: /var/folders/dk/7g0l04h117s...}, fedcm:accounts: true, goog:chromeOptions: {debuggerAddress: localhost:49409}, goog:processID: 90568, networkConnectionEnabled: false, pageLoadStrategy: normal, platformName: mac, proxy: Proxy(), se:cdp: ws://localhost:49409/devtoo..., se:cdpVersion: 142.0.7444.176, setWindowRect: true, strictFileInteractability: false, timeouts: {implicit: 0, pageLoad: 300000, script: 30000}, unhandledPromptBehavior: dismiss and notify, webauthn:extension:credBlob: true, webauthn:extension:largeBlob: true, webauthn:extension:minPinLength: true, webauthn:extension:prf: true, webauthn:virtualAuthenticators: true}
Session ID: 35e5a7f48ed1ace79dc628166aaed1de
	at java.base/jdk.internal.reflect.NativeConstructorAccessorImpl.newInstance0(Native Method)
	at java.base/jdk.internal.reflect.NativeConstructorAccessorImpl.newInstance(NativeConstructorAccessorImpl.java:77)
	at java.base/jdk.internal.reflect.DelegatingConstructorAccessorImpl.newInstance(DelegatingConstructorAccessorImpl.java:45)
	at java.base/java.lang.reflect.Constructor.newInstanceWithCaller(Constructor.java:500)
	at java.base/java.lang.reflect.Constructor.newInstance(Constructor.java:481)
	at org.openqa.selenium.remote.ErrorCodec.decode(ErrorCodec.java:167)
	at org.openqa.selenium.remote.codec.w3c.W3CHttpResponseCodec.decode(W3CHttpResponseCodec.java:138)
	at org.openqa.selenium.remote.codec.w3c.W3CHttpResponseCodec.decode(W3CHttpResponseCodec.java:50)
	at org.openqa.selenium.remote.HttpCommandExecutor.execute(HttpCommandExecutor.java:190)
	at org.openqa.selenium.remote.service.DriverCommandExecutor.invokeExecute(DriverCommandExecutor.java:216)
	at org.openqa.selenium.remote.service.DriverCommandExecutor.execute(DriverCommandExecutor.java:174)
	at org.openqa.selenium.remote.RemoteWebDriver.execute(RemoteWebDriver.java:545)
	at org.openqa.selenium.remote.ElementLocation$ElementFinder$2.findElement(ElementLocation.java:165)
	at org.openqa.selenium.remote.ElementLocation.findElement(ElementLocation.java:66)
	at org.openqa.selenium.remote.RemoteWebDriver.findElement(RemoteWebDriver.java:368)
	at org.openqa.selenium.remote.RemoteWebDriver.findElement(RemoteWebDriver.java:362)
	at net.thucydides.core.webdriver.WebDriverFacade.findElement(WebDriverFacade.java:271)
	at com.example.utils.SmartFinder.find(SmartFinder.java:28)
	at com.example.stepdefinitions.SelfHealingStepDefinitions.userFindsButtonWithSmartFinder(SelfHealingStepDefinitions.java:37)
	at java.base/jdk.internal.reflect.NativeMethodAccessorImpl.invoke0(Native Method)
	at java.base/jdk.internal.reflect.NativeMethodAccessorImpl.invoke(NativeMethodAccessorImpl.java:77)
	at java.base/jdk.internal.reflect.DelegatingMethodAccessorImpl.invoke(DelegatingMethodAccessorImpl.java:43)
	at java.base/java.lang.reflect.Method.invoke(Method.java:569)
	at io.cucumber.java.Invoker.doInvoke(Invoker.java:66)
	at io.cucumber.java.Invoker.invoke(Invoker.java:24)
	at io.cucumber.java.AbstractGlueDefinition.invokeMethod(AbstractGlueDefinition.java:47)
	at io.cucumber.java.JavaStepDefinition.execute(JavaStepDefinition.java:29)
	at io.cucumber.core.runner.CoreStepDefinition.execute(CoreStepDefinition.java:66)
	at io.cucumber.core.runner.PickleStepDefinitionMatch.runStep(PickleStepDefinitionMatch.java:62)
	at io.cucumber.core.runner.ExecutionMode$1.execute(ExecutionMode.java:10)
	at io.cucumber.core.runner.TestStep.executeStep(TestStep.java:81)
	at io.cucumber.core.runner.TestStep.run(TestStep.java:53)
	at io.cucumber.core.runner.PickleStepTestStep.run(PickleStepTestStep.java:51)
	at io.cucumber.core.runner.TestCase.run(TestCase.java:87)
	at io.cucumber.core.runner.Runner.runPickle(Runner.java:78)
	at io.cucumber.junit.PickleRunners$NoStepDescriptions.lambda$run$0(PickleRunners.java:151)
	at io.cucumber.core.runtime.CucumberExecutionContext.lambda$runTestCase$5(CucumberExecutionContext.java:136)
	at io.cucumber.core.runtime.RethrowingThrowableCollector.executeAndThrow(RethrowingThrowableCollector.java:23)
	at io.cucumber.core.runtime.CucumberExecutionContext.runTestCase(CucumberExecutionContext.java:136)
	at io.cucumber.junit.PickleRunners$NoStepDescriptions.run(PickleRunners.java:148)
	at io.cucumber.junit.FeatureRunner.runChild(FeatureRunner.java:144)
	at io.cucumber.junit.FeatureRunner.runChild(FeatureRunner.java:28)
	at org.junit.runners.ParentRunner$4.run(ParentRunner.java:331)
	at org.junit.runners.ParentRunner$1.schedule(ParentRunner.java:79)
	at org.junit.runners.ParentRunner.runChildren(ParentRunner.java:329)
	at org.junit.runners.ParentRunner.access$100(ParentRunner.java:66)
	at org.junit.runners.ParentRunner$2.evaluate(ParentRunner.java:293)
	at org.junit.runners.ParentRunner$3.evaluate(ParentRunner.java:306)
	at org.junit.runners.ParentRunner.run(ParentRunner.java:413)
	at io.cucumber.junit.FeatureRunner.run(FeatureRunner.java:137)
	at io.cucumber.junit.CucumberSerenityBaseRunner.runChild(CucumberSerenityBaseRunner.java:330)
	at io.cucumber.junit.CucumberSerenityBaseRunner.runChild(CucumberSerenityBaseRunner.java:51)
	at org.junit.runners.ParentRunner$4.run(ParentRunner.java:331)
	at org.junit.runners.ParentRunner$1.schedule(ParentRunner.java:79)
	at org.junit.runners.ParentRunner.runChildren(ParentRunner.java:329)
	at org.junit.runners.ParentRunner.access$100(ParentRunner.java:66)
	at org.junit.runners.ParentRunner$2.evaluate(ParentRunner.java:293)
	at io.cucumber.junit.CucumberSerenityBaseRunner$RunCucumber.evaluate(CucumberSerenityBaseRunner.java:361)
	at org.junit.runners.ParentRunner$3.evaluate(ParentRunner.java:306)
	at org.junit.runners.ParentRunner.run(ParentRunner.java:413)
	at org.apache.maven.surefire.junit4.JUnit4Provider.execute(JUnit4Provider.java:316)
	at org.apache.maven.surefire.junit4.JUnit4Provider.executeWithRerun(JUnit4Provider.java:240)
	at org.apache.maven.surefire.junit4.JUnit4Provider.executeTestSet(JUnit4Provider.java:214)
	at org.apache.maven.surefire.junit4.JUnit4Provider.invoke(JUnit4Provider.java:155)
	at org.apache.maven.surefire.booter.ForkedBooter.runSuitesInProcess(ForkedBooter.java:385)
	at org.apache.maven.surefire.booter.ForkedBooter.execute(ForkedBooter.java:162)
	at org.apache.maven.surefire.booter.ForkedBooter.run(ForkedBooter.java:507)
	at org.apache.maven.surefire.booter.ForkedBooter.main(ForkedBooter.java:495)
15:05:09.443 [main] DEBUG net.serenitybdd.core.photography.Darkroom - Send negative for processing for /Users/valeacosta/Documents/proyectos/serenity-projects/propuesta-selfhealing/target/site/serenity/73c36d5c66f027005bcd9207504923084a5658bebd28a7704f3dfae0ca802ede.png
15:05:09.443 [Darkroom Processing Line] DEBUG net.serenitybdd.core.photography.DarkroomProcessingLine - Processing screenshot image in /var/screenshots/screenshot-6244457969728160710
15:05:09.443 [Darkroom Processing Line] DEBUG net.serenitybdd.core.photography.DarkroomProcessingLine - Saving screenshot to /Users/valeacosta/Documents/proyectos/serenity-projects/propuesta-selfhealing/target/site/serenity/73c36d5c66f027005bcd9207504923084a5658bebd28a7704f3dfae0ca802ede.png
  &amp#27;[32m✔&amp#27;[39m &amp#27;[32m&amp#27;[1mCuando &amp#27;[22mel usuario busca el boton con SmartFinder&amp#27;[39m          &amp#27;[90m# com.example.stepdefinitions.SelfHealingStepDefinitions.userFindsButtonWithSmartFinder()&amp#27;[39m
15:05:09.649 [main] DEBUG net.serenitybdd.core.photography.Darkroom - Send negative for processing for /Users/valeacosta/Documents/proyectos/serenity-projects/propuesta-selfhealing/target/site/serenity/73c36d5c66f027005bcd9207504923084a5658bebd28a7704f3dfae0ca802ede.png
  &amp#27;[32m✔&amp#27;[39m &amp#27;[32m&amp#27;[1mEntonces &amp#27;[22mla accion continua sin fallar gracias al Plan B&amp#27;[39m  &amp#27;[90m# com.example.stepdefinitions.SelfHealingStepDefinitions.actionContinuesWithFallback()&amp#27;[39m
15:05:09.653 [main] INFO  - 
  _____   ___   ___   _____     ___     _     ___   ___   ___   ___  
 |_   _| | __| / __| |_   _|   | _ \   /_\   / __| / __| | __| |   \ 
   | |   | _|  \__ \   | |     |  _/  / _ \  \__ \ \__ \ | _|  | |) |
   |_|   |___| |___/   |_|     |_|   /_/ \_\ |___/ |___/ |___| |___/ 

SmartFinder activa el Plan B y continua la prueba
----------------------------------------------------------------------
]]></system-out>
    <system-err><![CDATA[Dec 03, 2025 3:05:06 PM org.openqa.selenium.devtools.CdpVersionFinder findNearestMatch
WARNING: Unable to find CDP implementation matching 142
Dec 03, 2025 3:05:06 PM org.openqa.selenium.chromium.ChromiumDriver lambda$new$5
WARNING: Unable to find version of CDP to use for 142.0.7444.176. You may need to include a dependency on a specific version of the CDP using something similar to `org.seleniumhq.selenium:selenium-devtools-v86:4.27.0` where the version ("v86") matches the version of the chromium-based browser you're using and the version number of the artifact is the same as Selenium's.
]]></system-err>
  </testcase>
</testsuite>